2021-05-06 03:10:59,238 uiname is MainWindow
2021-05-06 03:10:59,239 toplevel widget is QMainWindow
2021-05-06 03:10:59,239 setting property geometry
2021-05-06 03:10:59,239 setting property minimumSize
2021-05-06 03:10:59,239 setting property windowTitle
2021-05-06 03:10:59,240 push QMainWindow MainWindow
2021-05-06 03:10:59,240 push QWidget centralwidget
2021-05-06 03:10:59,240 push QGridLayout gridLayout_40
2021-05-06 03:10:59,240 push QGridLayout gridLayout_39
2021-05-06 03:10:59,240 push QGridLayout gridLayout_9
2021-05-06 03:10:59,240 setting property styleSheet
2021-05-06 03:10:59,241 setting property title
2021-05-06 03:10:59,241 push QGroupBox groupBox_7
2021-05-06 03:10:59,241 push QGridLayout gridLayout_20
2021-05-06 03:10:59,241 push QGridLayout gridLayout_22
2021-05-06 03:10:59,241 push QGridLayout gridLayout_23
2021-05-06 03:10:59,242 setting property font
2021-05-06 03:10:59,242 setting property text
2021-05-06 03:10:59,242 push QLabel label_14
2021-05-06 03:10:59,242 pop widget QLabel label_14
2021-05-06 03:10:59,242 new topwidget self.groupBox_7
2021-05-06 03:10:59,243 pop layout QGridLayout gridLayout_23
2021-05-06 03:10:59,243 push QGridLayout gridLayout_32
2021-05-06 03:10:59,243 push QGridLayout gridLayout_33
2021-05-06 03:10:59,243 push QGridLayout gridLayout_34
2021-05-06 03:10:59,243 setting property enabled
2021-05-06 03:10:59,244 setting property minimumSize
2021-05-06 03:10:59,244 setting property font
2021-05-06 03:10:59,244 setting property acceptDrops
2021-05-06 03:10:59,244 setting property iconSize
2021-05-06 03:10:59,244 push QComboBox comboBox_4
2021-05-06 03:10:59,244 pop widget QComboBox comboBox_4
2021-05-06 03:10:59,244 new topwidget self.groupBox_7
2021-05-06 03:10:59,244 pop layout QGridLayout gridLayout_34
2021-05-06 03:10:59,245 push QGridLayout gridLayout_35
2021-05-06 03:10:59,245 push QGridLayout gridLayout_36
2021-05-06 03:10:59,245 push QGridLayout gridLayout_37
2021-05-06 03:10:59,245 pop layout QGridLayout gridLayout_37
2021-05-06 03:10:59,245 setting property orientation
2021-05-06 03:10:59,246 push QSlider slider
2021-05-06 03:10:59,246 pop widget QSlider slider
2021-05-06 03:10:59,246 new topwidget self.groupBox_7
2021-05-06 03:10:59,246 pop layout QGridLayout gridLayout_36
2021-05-06 03:10:59,246 pop layout QGridLayout gridLayout_35
2021-05-06 03:10:59,246 pop layout QGridLayout gridLayout_33
2021-05-06 03:10:59,246 setting property enabled
2021-05-06 03:10:59,246 setting property minimumSize
2021-05-06 03:10:59,246 setting property font
2021-05-06 03:10:59,247 setting property acceptDrops
2021-05-06 03:10:59,247 setting property iconSize
2021-05-06 03:10:59,247 push QComboBox comboBox_6
2021-05-06 03:10:59,247 pop widget QComboBox comboBox_6
2021-05-06 03:10:59,248 new topwidget self.groupBox_7
2021-05-06 03:10:59,248 pop layout QGridLayout gridLayout_32
2021-05-06 03:10:59,248 pop layout QGridLayout gridLayout_22
2021-05-06 03:10:59,248 setting property orientation
2021-05-06 03:10:59,249 push QFrame line_3
2021-05-06 03:10:59,249 pop widget QFrame line_3
2021-05-06 03:10:59,249 new topwidget self.groupBox_7
2021-05-06 03:10:59,250 push QGridLayout gridLayout_24
2021-05-06 03:10:59,250 push QGridLayout gridLayout_25
2021-05-06 03:10:59,251 setting property font
2021-05-06 03:10:59,251 setting property text
2021-05-06 03:10:59,251 push QLabel label_15
2021-05-06 03:10:59,252 pop widget QLabel label_15
2021-05-06 03:10:59,252 new topwidget self.groupBox_7
2021-05-06 03:10:59,252 pop layout QGridLayout gridLayout_25
2021-05-06 03:10:59,252 push QGridLayout gridLayout_26
2021-05-06 03:10:59,252 push QGridLayout gridLayout_27
2021-05-06 03:10:59,252 push QGridLayout gridLayout_28
2021-05-06 03:10:59,252 setting property enabled
2021-05-06 03:10:59,253 setting property minimumSize
2021-05-06 03:10:59,253 setting property font
2021-05-06 03:10:59,253 setting property acceptDrops
2021-05-06 03:10:59,253 setting property iconSize
2021-05-06 03:10:59,253 push QComboBox comboBox_5
2021-05-06 03:10:59,253 pop widget QComboBox comboBox_5
2021-05-06 03:10:59,253 new topwidget self.groupBox_7
2021-05-06 03:10:59,254 pop layout QGridLayout gridLayout_28
2021-05-06 03:10:59,254 push QGridLayout gridLayout_29
2021-05-06 03:10:59,254 push QGridLayout gridLayout_30
2021-05-06 03:10:59,254 setting property orientation
2021-05-06 03:10:59,254 push QSlider slider_2
2021-05-06 03:10:59,255 pop widget QSlider slider_2
2021-05-06 03:10:59,255 new topwidget self.groupBox_7
2021-05-06 03:10:59,255 push QGridLayout gridLayout_31
2021-05-06 03:10:59,255 pop layout QGridLayout gridLayout_31
2021-05-06 03:10:59,255 pop layout QGridLayout gridLayout_30
2021-05-06 03:10:59,255 pop layout QGridLayout gridLayout_29
2021-05-06 03:10:59,255 pop layout QGridLayout gridLayout_27
2021-05-06 03:10:59,256 setting property enabled
2021-05-06 03:10:59,256 setting property minimumSize
2021-05-06 03:10:59,256 setting property font
2021-05-06 03:10:59,256 setting property acceptDrops
2021-05-06 03:10:59,256 setting property iconSize
2021-05-06 03:10:59,256 push QComboBox comboBox_7
2021-05-06 03:10:59,257 pop widget QComboBox comboBox_7
2021-05-06 03:10:59,257 new topwidget self.groupBox_7
2021-05-06 03:10:59,257 pop layout QGridLayout gridLayout_26
2021-05-06 03:10:59,257 pop layout QGridLayout gridLayout_24
2021-05-06 03:10:59,257 push QGridLayout gridLayout_21
2021-05-06 03:10:59,257 setting property enabled
2021-05-06 03:10:59,258 setting property minimumSize
2021-05-06 03:10:59,258 setting property font
2021-05-06 03:10:59,258 setting property acceptDrops
2021-05-06 03:10:59,258 setting property iconSize
2021-05-06 03:10:59,258 push QComboBox comboBox_3
2021-05-06 03:10:59,258 pop widget QComboBox comboBox_3
2021-05-06 03:10:59,258 new topwidget self.groupBox_7
2021-05-06 03:10:59,259 setting property font
2021-05-06 03:10:59,259 setting property text
2021-05-06 03:10:59,259 push QLabel label_13
2021-05-06 03:10:59,259 pop widget QLabel label_13
2021-05-06 03:10:59,259 new topwidget self.groupBox_7
2021-05-06 03:10:59,259 pop layout QGridLayout gridLayout_21
2021-05-06 03:10:59,259 pop layout QGridLayout gridLayout_20
2021-05-06 03:10:59,259 pop widget QGroupBox groupBox_7
2021-05-06 03:10:59,259 new topwidget self.centralwidget
2021-05-06 03:10:59,259 setting property title
2021-05-06 03:10:59,260 push QGroupBox groupBox_10
2021-05-06 03:10:59,260 push QGridLayout gridLayout_11
2021-05-06 03:10:59,260 push QGridLayout gridLayout_12
2021-05-06 03:10:59,260 push QGridLayout gridLayout_13
2021-05-06 03:10:59,261 setting property font
2021-05-06 03:10:59,261 setting property frameShape
2021-05-06 03:10:59,261 setting property text
2021-05-06 03:10:59,261 setting property alignment
2021-05-06 03:10:59,262 push QLabel label_6
2021-05-06 03:10:59,262 pop widget QLabel label_6
2021-05-06 03:10:59,262 new topwidget self.groupBox_10
2021-05-06 03:10:59,262 setting property title
2021-05-06 03:10:59,262 push QGroupBox groupBox_8
2021-05-06 03:10:59,263 push QGridLayout gridLayout_7
2021-05-06 03:10:59,263 push QGridLayout gridLayout_17
2021-05-06 03:10:59,263 resolved baseclass of ImageView: QtWidgets.QGraphicsView
2021-05-06 03:10:59,263 setting property sizePolicy
2021-05-06 03:10:59,264 setting property minimumSize
2021-05-06 03:10:59,265 push ImageView output_1
2021-05-06 03:10:59,265 pop widget ImageView output_1
2021-05-06 03:10:59,265 new topwidget self.groupBox_8
2021-05-06 03:10:59,265 pop layout QGridLayout gridLayout_17
2021-05-06 03:10:59,265 pop layout QGridLayout gridLayout_7
2021-05-06 03:10:59,265 pop widget QGroupBox groupBox_8
2021-05-06 03:10:59,265 new topwidget self.groupBox_10
2021-05-06 03:10:59,266 pop layout QGridLayout gridLayout_13
2021-05-06 03:10:59,266 push QGridLayout gridLayout_15
2021-05-06 03:10:59,266 setting property font
2021-05-06 03:10:59,267 setting property frameShape
2021-05-06 03:10:59,267 setting property text
2021-05-06 03:10:59,267 setting property alignment
2021-05-06 03:10:59,267 push QLabel label_7
2021-05-06 03:10:59,268 pop widget QLabel label_7
2021-05-06 03:10:59,268 new topwidget self.groupBox_10
2021-05-06 03:10:59,268 setting property title
2021-05-06 03:10:59,268 push QGroupBox groupBox_9
2021-05-06 03:10:59,268 push QGridLayout gridLayout_8
2021-05-06 03:10:59,270 push QGridLayout gridLayout_18
2021-05-06 03:10:59,270 resolved baseclass of ImageView: QtWidgets.QGraphicsView
2021-05-06 03:10:59,270 setting property sizePolicy
2021-05-06 03:10:59,270 setting property minimumSize
2021-05-06 03:10:59,270 push ImageView output_2
2021-05-06 03:10:59,270 pop widget ImageView output_2
2021-05-06 03:10:59,270 new topwidget self.groupBox_9
2021-05-06 03:10:59,271 pop layout QGridLayout gridLayout_18
2021-05-06 03:10:59,271 pop layout QGridLayout gridLayout_8
2021-05-06 03:10:59,271 pop widget QGroupBox groupBox_9
2021-05-06 03:10:59,271 new topwidget self.groupBox_10
2021-05-06 03:10:59,271 pop layout QGridLayout gridLayout_15
2021-05-06 03:10:59,271 pop layout QGridLayout gridLayout_12
2021-05-06 03:10:59,271 pop layout QGridLayout gridLayout_11
2021-05-06 03:10:59,271 pop widget QGroupBox groupBox_10
2021-05-06 03:10:59,272 new topwidget self.centralwidget
2021-05-06 03:10:59,272 pop layout QGridLayout gridLayout_9
2021-05-06 03:10:59,272 push QGridLayout gridLayout_38
2021-05-06 03:10:59,272 setting property font
2021-05-06 03:10:59,272 setting property styleSheet
2021-05-06 03:10:59,272 setting property title
2021-05-06 03:10:59,272 setting property flat
2021-05-06 03:10:59,272 push QGroupBox groupBox_4
2021-05-06 03:10:59,273 push QGridLayout gridLayout_4
2021-05-06 03:10:59,273 setting property sizeConstraint
2021-05-06 03:10:59,273 push QGridLayout gridLayout_19
2021-05-06 03:10:59,273 setting property font
2021-05-06 03:10:59,273 setting property styleSheet
2021-05-06 03:10:59,273 setting property frameShape
2021-05-06 03:10:59,273 setting property frameShadow
2021-05-06 03:10:59,274 setting property text
2021-05-06 03:10:59,274 push QLabel label_2
2021-05-06 03:10:59,274 pop widget QLabel label_2
2021-05-06 03:10:59,274 new topwidget self.groupBox_4
2021-05-06 03:10:59,274 setting property enabled
2021-05-06 03:10:59,274 setting property minimumSize
2021-05-06 03:10:59,274 setting property font
2021-05-06 03:10:59,274 setting property acceptDrops
2021-05-06 03:10:59,274 setting property iconSize
2021-05-06 03:10:59,275 push QComboBox comboBox_2
2021-05-06 03:10:59,275 pop widget QComboBox comboBox_2
2021-05-06 03:10:59,275 new topwidget self.groupBox_4
2021-05-06 03:10:59,275 pop layout QGridLayout gridLayout_19
2021-05-06 03:10:59,275 setting property orientation
2021-05-06 03:10:59,275 push QFrame line_2
2021-05-06 03:10:59,276 pop widget QFrame line_2
2021-05-06 03:10:59,276 new topwidget self.groupBox_4
2021-05-06 03:10:59,276 push QGridLayout gridLayout_14
2021-05-06 03:10:59,276 setting property title
2021-05-06 03:10:59,276 push QGroupBox groupBox_5
2021-05-06 03:10:59,276 push QGridLayout gridLayout_5
2021-05-06 03:10:59,276 resolved baseclass of ImageView: QtWidgets.QGraphicsView
2021-05-06 03:10:59,276 setting property sizePolicy
2021-05-06 03:10:59,277 setting property minimumSize
2021-05-06 03:10:59,277 push ImageView imageView_2
2021-05-06 03:10:59,277 pop widget ImageView imageView_2
2021-05-06 03:10:59,277 new topwidget self.groupBox_5
2021-05-06 03:10:59,277 pop layout QGridLayout gridLayout_5
2021-05-06 03:10:59,277 pop widget QGroupBox groupBox_5
2021-05-06 03:10:59,277 new topwidget self.groupBox_4
2021-05-06 03:10:59,277 setting property title
2021-05-06 03:10:59,277 push QGroupBox groupBox_6
2021-05-06 03:10:59,278 push QGridLayout gridLayout_6
2021-05-06 03:10:59,278 resolved baseclass of ImageView: QtWidgets.QGraphicsView
2021-05-06 03:10:59,278 setting property sizePolicy
2021-05-06 03:10:59,278 setting property minimumSize
2021-05-06 03:10:59,278 push ImageView imageView_2_edit
2021-05-06 03:10:59,278 pop widget ImageView imageView_2_edit
2021-05-06 03:10:59,278 new topwidget self.groupBox_6
2021-05-06 03:10:59,278 pop layout QGridLayout gridLayout_6
2021-05-06 03:10:59,279 pop widget QGroupBox groupBox_6
2021-05-06 03:10:59,279 new topwidget self.groupBox_4
2021-05-06 03:10:59,279 pop layout QGridLayout gridLayout_14
2021-05-06 03:10:59,279 pop layout QGridLayout gridLayout_4
2021-05-06 03:10:59,279 pop widget QGroupBox groupBox_4
2021-05-06 03:10:59,279 new topwidget self.centralwidget
2021-05-06 03:10:59,279 setting property font
2021-05-06 03:10:59,279 setting property title
2021-05-06 03:10:59,280 setting property flat
2021-05-06 03:10:59,280 push QGroupBox groupBox
2021-05-06 03:10:59,280 push QGridLayout gridLayout_3
2021-05-06 03:10:59,280 push QGridLayout gridLayout_10
2021-05-06 03:10:59,280 setting property title
2021-05-06 03:10:59,280 push QGroupBox groupBox_2
2021-05-06 03:10:59,280 push QGridLayout gridLayout
2021-05-06 03:10:59,281 resolved baseclass of ImageView: QtWidgets.QGraphicsView
2021-05-06 03:10:59,281 setting property sizePolicy
2021-05-06 03:10:59,281 setting property minimumSize
2021-05-06 03:10:59,282 push ImageView imageView_1_edit
2021-05-06 03:10:59,282 pop widget ImageView imageView_1_edit
2021-05-06 03:10:59,282 new topwidget self.groupBox_2
2021-05-06 03:10:59,282 pop layout QGridLayout gridLayout
2021-05-06 03:10:59,282 pop widget QGroupBox groupBox_2
2021-05-06 03:10:59,282 new topwidget self.groupBox
2021-05-06 03:10:59,283 setting property title
2021-05-06 03:10:59,283 push QGroupBox groupBox_3
2021-05-06 03:10:59,283 push QGridLayout gridLayout_2
2021-05-06 03:10:59,283 resolved baseclass of ImageView: QtWidgets.QGraphicsView
2021-05-06 03:10:59,284 setting property sizePolicy
2021-05-06 03:10:59,284 setting property minimumSize
2021-05-06 03:10:59,284 push ImageView imageView
2021-05-06 03:10:59,284 pop widget ImageView imageView
2021-05-06 03:10:59,284 new topwidget self.groupBox_3
2021-05-06 03:10:59,284 pop layout QGridLayout gridLayout_2
2021-05-06 03:10:59,284 pop widget QGroupBox groupBox_3
2021-05-06 03:10:59,284 new topwidget self.groupBox
2021-05-06 03:10:59,285 pop layout QGridLayout gridLayout_10
2021-05-06 03:10:59,285 setting property sizeConstraint
2021-05-06 03:10:59,285 push QGridLayout gridLayout_16
2021-05-06 03:10:59,285 setting property font
2021-05-06 03:10:59,285 setting property styleSheet
2021-05-06 03:10:59,285 setting property frameShape
2021-05-06 03:10:59,285 setting property frameShadow
2021-05-06 03:10:59,286 setting property text
2021-05-06 03:10:59,286 push QLabel label
2021-05-06 03:10:59,286 pop widget QLabel label
2021-05-06 03:10:59,286 new topwidget self.groupBox
2021-05-06 03:10:59,286 setting property enabled
2021-05-06 03:10:59,286 setting property minimumSize
2021-05-06 03:10:59,286 setting property font
2021-05-06 03:10:59,286 setting property acceptDrops
2021-05-06 03:10:59,287 setting property iconSize
2021-05-06 03:10:59,287 push QComboBox comboBox
2021-05-06 03:10:59,287 pop widget QComboBox comboBox
2021-05-06 03:10:59,287 new topwidget self.groupBox
2021-05-06 03:10:59,287 pop layout QGridLayout gridLayout_16
2021-05-06 03:10:59,288 setting property orientation
2021-05-06 03:10:59,288 push QFrame line
2021-05-06 03:10:59,288 pop widget QFrame line
2021-05-06 03:10:59,288 new topwidget self.groupBox
2021-05-06 03:10:59,288 pop layout QGridLayout gridLayout_3
2021-05-06 03:10:59,288 pop widget QGroupBox groupBox
2021-05-06 03:10:59,288 new topwidget self.centralwidget
2021-05-06 03:10:59,288 pop layout QGridLayout gridLayout_38
2021-05-06 03:10:59,288 pop layout QGridLayout gridLayout_39
2021-05-06 03:10:59,289 pop layout QGridLayout gridLayout_40
2021-05-06 03:10:59,289 pop widget QWidget centralwidget
2021-05-06 03:10:59,289 new topwidget MainWindow
2021-05-06 03:10:59,289 setting property geometry
2021-05-06 03:10:59,289 push QMenuBar menubar
2021-05-06 03:10:59,289 setting property title
2021-05-06 03:10:59,290 push QMenu menuBrowse
2021-05-06 03:10:59,290 pop widget QMenu menuBrowse
2021-05-06 03:10:59,290 new topwidget self.menubar
2021-05-06 03:10:59,290 pop widget QMenuBar menubar
2021-05-06 03:10:59,290 new topwidget MainWindow
2021-05-06 03:10:59,290 push QStatusBar statusbar
2021-05-06 03:10:59,290 pop widget QStatusBar statusbar
2021-05-06 03:10:59,291 new topwidget MainWindow
2021-05-06 03:10:59,291 setting property icon
2021-05-06 03:10:59,291 setting property text
2021-05-06 03:10:59,291 setting property enabled
2021-05-06 03:10:59,291 setting property icon
2021-05-06 03:10:59,292 setting property text
2021-05-06 03:10:59,292 setting property icon
2021-05-06 03:10:59,292 setting property text
2021-05-06 03:10:59,292 pop widget QMainWindow MainWindow
2021-05-06 03:10:59,292 new topwidget None
2021-05-06 03:10:59,292 add action actionImage1 to menuBrowse
2021-05-06 03:10:59,293 add action actionImage2 to menuBrowse
2021-05-06 03:10:59,293 add action menuBrowse to menubar
2021-05-06 03:10:59,301 The Application started successfully
2021-05-06 03:11:08,451 Browsing the files
2021-05-06 03:11:13,557 Image1 was added successfully
2021-05-06 03:11:15,057 Browsing the files
2021-05-06 03:11:20,212 Warnning!!. The images must have the same size
2021-05-06 03:11:21,725 Browsing the files
2021-05-06 03:11:24,340 Image2 was added successfully
2021-05-06 03:11:25,647 FT Magnitude component of image1 was added
2021-05-06 03:11:28,005 FT Phase component of image1 was added
2021-05-06 03:11:29,483 FT Real Component component of image1 was added
2021-05-06 03:11:31,221 FT Imaginary Component component of image1 was added
2021-05-06 03:11:32,900 FT Magnitude component of image2 was added
2021-05-06 03:11:34,981 FT Phase component of image2 was added
2021-05-06 03:11:36,520 FT Real Component component of image2 was added
2021-05-06 03:11:38,479 FT Imaginary Component component of image2 was added
2021-05-06 03:11:42,272 ComboBoxes was adjusted
2021-05-06 03:11:45,184 ComboBoxes was adjusted
2021-05-06 03:11:46,240 ComboBoxes was adjusted
2021-05-06 03:11:46,257 Output1 was generated
2021-05-06 03:11:47,122 ComboBoxes was adjusted
2021-05-06 03:11:47,138 Output1 was generated
2021-05-06 03:11:47,142 ComboBoxes was adjusted
2021-05-06 03:11:47,167 Output1 was generated
2021-05-06 03:11:47,171 ComboBoxes was adjusted
2021-05-06 03:11:47,192 Output1 was generated
2021-05-06 03:11:47,195 ComboBoxes was adjusted
2021-05-06 03:11:47,214 Output1 was generated
2021-05-06 03:11:47,218 ComboBoxes was adjusted
2021-05-06 03:11:47,235 Output1 was generated
2021-05-06 03:11:47,241 ComboBoxes was adjusted
2021-05-06 03:11:47,258 Output1 was generated
2021-05-06 03:11:47,262 ComboBoxes was adjusted
2021-05-06 03:11:47,281 Output1 was generated
2021-05-06 03:11:47,426 ComboBoxes was adjusted
2021-05-06 03:11:47,444 Output1 was generated
2021-05-06 03:11:47,448 ComboBoxes was adjusted
2021-05-06 03:11:47,465 Output1 was generated
2021-05-06 03:11:47,469 ComboBoxes was adjusted
2021-05-06 03:11:47,489 Output1 was generated
2021-05-06 03:11:47,494 ComboBoxes was adjusted
2021-05-06 03:11:47,512 Output1 was generated
2021-05-06 03:11:47,515 ComboBoxes was adjusted
2021-05-06 03:11:47,533 Output1 was generated
2021-05-06 03:11:47,536 ComboBoxes was adjusted
2021-05-06 03:11:47,556 Output1 was generated
2021-05-06 03:11:47,560 ComboBoxes was adjusted
2021-05-06 03:11:47,579 Output1 was generated
2021-05-06 03:11:47,583 ComboBoxes was adjusted
2021-05-06 03:11:47,599 Output1 was generated
2021-05-06 03:11:47,602 ComboBoxes was adjusted
2021-05-06 03:11:47,622 Output1 was generated
2021-05-06 03:11:47,663 ComboBoxes was adjusted
2021-05-06 03:11:47,681 Output1 was generated
2021-05-06 03:11:47,684 ComboBoxes was adjusted
2021-05-06 03:11:47,702 Output1 was generated
2021-05-06 03:11:47,707 ComboBoxes was adjusted
2021-05-06 03:11:47,727 Output1 was generated
2021-05-06 03:11:48,494 ComboBoxes was adjusted
2021-05-06 03:11:48,511 Output1 was generated
2021-05-06 03:11:48,514 ComboBoxes was adjusted
2021-05-06 03:11:48,535 Output1 was generated
2021-05-06 03:11:48,542 ComboBoxes was adjusted
2021-05-06 03:11:48,563 Output1 was generated
2021-05-06 03:11:48,567 ComboBoxes was adjusted
2021-05-06 03:11:48,587 Output1 was generated
2021-05-06 03:11:48,593 ComboBoxes was adjusted
2021-05-06 03:11:48,611 Output1 was generated
2021-05-06 03:11:48,612 ComboBoxes was adjusted
2021-05-06 03:11:48,630 Output1 was generated
2021-05-06 03:11:48,633 ComboBoxes was adjusted
2021-05-06 03:11:48,649 Output1 was generated
2021-05-06 03:11:48,656 ComboBoxes was adjusted
2021-05-06 03:11:48,673 Output1 was generated
2021-05-06 03:11:48,679 ComboBoxes was adjusted
2021-05-06 03:11:48,698 Output1 was generated
2021-05-06 03:11:48,701 ComboBoxes was adjusted
2021-05-06 03:11:48,719 Output1 was generated
2021-05-06 03:11:51,539 ComboBoxes was adjusted
2021-05-06 03:11:53,245 ComboBoxes was adjusted
2021-05-06 03:11:53,279 Output2 was generated
2021-05-06 03:11:54,709 ComboBoxes was adjusted
2021-05-06 03:11:54,725 Output2 was generated
2021-05-06 03:11:54,737 ComboBoxes was adjusted
2021-05-06 03:11:54,753 Output2 was generated
2021-05-06 03:11:54,765 ComboBoxes was adjusted
2021-05-06 03:11:54,782 Output2 was generated
2021-05-06 03:11:54,824 ComboBoxes was adjusted
2021-05-06 03:11:54,839 Output2 was generated
2021-05-06 03:11:54,844 ComboBoxes was adjusted
2021-05-06 03:11:54,861 Output2 was generated
2021-05-06 03:11:54,867 ComboBoxes was adjusted
2021-05-06 03:11:54,884 Output2 was generated
2021-05-06 03:11:54,888 ComboBoxes was adjusted
2021-05-06 03:11:54,906 Output2 was generated
2021-05-06 03:11:54,911 ComboBoxes was adjusted
2021-05-06 03:11:54,930 Output2 was generated
2021-05-06 03:11:54,934 ComboBoxes was adjusted
2021-05-06 03:11:54,952 Output2 was generated
2021-05-06 03:11:54,957 ComboBoxes was adjusted
2021-05-06 03:11:54,976 Output2 was generated
2021-05-06 03:11:54,982 ComboBoxes was adjusted
2021-05-06 03:11:54,998 Output2 was generated
2021-05-06 03:11:55,002 ComboBoxes was adjusted
2021-05-06 03:11:55,020 Output2 was generated
2021-05-06 03:11:55,026 ComboBoxes was adjusted
2021-05-06 03:11:55,042 Output2 was generated
2021-05-06 03:11:55,047 ComboBoxes was adjusted
2021-05-06 03:11:55,066 Output2 was generated
2021-05-06 03:11:55,070 ComboBoxes was adjusted
2021-05-06 03:11:55,087 Output2 was generated
2021-05-06 03:11:55,094 ComboBoxes was adjusted
2021-05-06 03:11:55,112 Output2 was generated
2021-05-06 03:11:55,117 ComboBoxes was adjusted
2021-05-06 03:11:55,134 Output2 was generated
2021-05-06 03:11:55,395 ComboBoxes was adjusted
2021-05-06 03:11:55,408 Output2 was generated
2021-05-06 03:11:55,411 ComboBoxes was adjusted
2021-05-06 03:11:55,424 Output2 was generated
2021-05-06 03:11:55,429 ComboBoxes was adjusted
2021-05-06 03:11:55,442 Output2 was generated
2021-05-06 03:11:55,445 ComboBoxes was adjusted
2021-05-06 03:11:55,459 Output2 was generated
2021-05-06 03:11:55,465 ComboBoxes was adjusted
2021-05-06 03:11:55,482 Output2 was generated
2021-05-06 03:11:55,486 ComboBoxes was adjusted
2021-05-06 03:11:55,498 Output2 was generated
2021-05-06 03:11:55,502 ComboBoxes was adjusted
2021-05-06 03:11:55,517 Output2 was generated
2021-05-06 03:11:55,714 ComboBoxes was adjusted
2021-05-06 03:11:55,725 Output2 was generated
2021-05-06 03:11:55,729 ComboBoxes was adjusted
2021-05-06 03:11:55,740 Output2 was generated
2021-05-06 03:11:55,746 ComboBoxes was adjusted
2021-05-06 03:11:55,758 Output2 was generated
2021-05-06 03:11:55,763 ComboBoxes was adjusted
2021-05-06 03:11:55,777 Output2 was generated
2021-05-06 03:11:55,782 ComboBoxes was adjusted
2021-05-06 03:11:55,792 Output2 was generated
2021-05-06 03:11:55,797 ComboBoxes was adjusted
2021-05-06 03:11:55,808 Output2 was generated
2021-05-06 03:11:55,813 ComboBoxes was adjusted
2021-05-06 03:11:55,826 Output2 was generated
2021-05-06 03:11:55,831 ComboBoxes was adjusted
2021-05-06 03:11:55,842 Output2 was generated
2021-05-06 03:11:55,846 ComboBoxes was adjusted
2021-05-06 03:11:55,862 Output2 was generated
2021-05-06 03:11:55,868 ComboBoxes was adjusted
2021-05-06 03:11:55,891 Output2 was generated
2021-05-06 03:11:55,897 ComboBoxes was adjusted
2021-05-06 03:11:55,914 Output2 was generated
2021-05-06 03:11:55,919 ComboBoxes was adjusted
2021-05-06 03:11:55,938 Output2 was generated
2021-05-06 03:11:55,999 ComboBoxes was adjusted
2021-05-06 03:11:56,016 Output2 was generated
2021-05-06 03:11:56,021 ComboBoxes was adjusted
2021-05-06 03:11:56,035 Output2 was generated
2021-05-06 03:11:56,040 ComboBoxes was adjusted
2021-05-06 03:11:56,056 Output2 was generated
2021-05-06 03:11:56,062 ComboBoxes was adjusted
2021-05-06 03:11:56,079 Output2 was generated
2021-05-06 03:11:56,085 ComboBoxes was adjusted
2021-05-06 03:11:56,102 Output2 was generated
2021-05-06 03:11:56,108 ComboBoxes was adjusted
2021-05-06 03:11:56,125 Output2 was generated
2021-05-06 03:11:56,332 ComboBoxes was adjusted
2021-05-06 03:11:56,347 Output2 was generated
2021-05-06 03:11:56,350 ComboBoxes was adjusted
2021-05-06 03:11:56,366 Output2 was generated
2021-05-06 03:11:56,371 ComboBoxes was adjusted
2021-05-06 03:11:56,390 Output2 was generated
2021-05-06 03:11:56,394 ComboBoxes was adjusted
2021-05-06 03:11:56,411 Output2 was generated
2021-05-06 03:11:56,416 ComboBoxes was adjusted
2021-05-06 03:11:56,430 Output2 was generated
2021-05-06 03:11:56,434 ComboBoxes was adjusted
2021-05-06 03:11:56,448 Output2 was generated
2021-05-06 03:11:56,451 ComboBoxes was adjusted
2021-05-06 03:11:56,464 Output2 was generated
2021-05-06 03:11:56,470 ComboBoxes was adjusted
2021-05-06 03:11:56,487 Output2 was generated
2021-05-06 03:11:56,493 ComboBoxes was adjusted
2021-05-06 03:11:56,506 Output2 was generated
2021-05-06 03:11:56,510 ComboBoxes was adjusted
2021-05-06 03:11:56,524 Output2 was generated
2021-05-06 03:11:56,529 ComboBoxes was adjusted
2021-05-06 03:11:56,545 Output2 was generated
2021-05-06 03:11:56,550 ComboBoxes was adjusted
2021-05-06 03:11:56,567 Output2 was generated
2021-05-06 03:11:56,571 ComboBoxes was adjusted
2021-05-06 03:11:56,584 Output2 was generated
2021-05-06 03:11:56,589 ComboBoxes was adjusted
2021-05-06 03:11:56,602 Output2 was generated
2021-05-06 03:12:01,552 ComboBoxes was adjusted
2021-05-06 03:12:03,119 ComboBoxes was adjusted
2021-05-06 03:12:03,136 Output2 was generated
2021-05-06 03:12:05,500 ComboBoxes was adjusted
2021-05-06 03:12:05,518 Output2 was generated
2021-05-06 03:12:05,552 ComboBoxes was adjusted
2021-05-06 03:12:05,568 Output2 was generated
2021-05-06 03:12:05,578 ComboBoxes was adjusted
2021-05-06 03:12:05,596 Output2 was generated
2021-05-06 03:12:05,600 ComboBoxes was adjusted
2021-05-06 03:12:05,630 Output2 was generated
2021-05-06 03:12:05,635 ComboBoxes was adjusted
2021-05-06 03:12:05,650 Output2 was generated
2021-05-06 03:12:05,651 ComboBoxes was adjusted
2021-05-06 03:12:05,669 Output2 was generated
2021-05-06 03:12:05,673 ComboBoxes was adjusted
2021-05-06 03:12:05,695 Output2 was generated
2021-05-06 03:12:05,701 ComboBoxes was adjusted
2021-05-06 03:12:05,727 Output2 was generated
2021-05-06 03:12:05,733 ComboBoxes was adjusted
2021-05-06 03:12:05,753 Output2 was generated
2021-05-06 03:12:05,760 ComboBoxes was adjusted
2021-05-06 03:12:05,780 Output2 was generated
2021-05-06 03:12:05,850 ComboBoxes was adjusted
2021-05-06 03:12:05,870 Output2 was generated
2021-05-06 03:12:05,874 ComboBoxes was adjusted
2021-05-06 03:12:05,897 Output2 was generated
2021-05-06 03:12:05,903 ComboBoxes was adjusted
2021-05-06 03:12:05,931 Output2 was generated
2021-05-06 03:12:05,937 ComboBoxes was adjusted
2021-05-06 03:12:05,963 Output2 was generated
2021-05-06 03:12:05,967 ComboBoxes was adjusted
2021-05-06 03:12:05,990 Output2 was generated
2021-05-06 03:12:05,996 ComboBoxes was adjusted
2021-05-06 03:12:06,019 Output2 was generated
2021-05-06 03:12:06,026 ComboBoxes was adjusted
2021-05-06 03:12:06,052 Output2 was generated
2021-05-06 03:12:06,056 ComboBoxes was adjusted
2021-05-06 03:12:06,081 Output2 was generated
2021-05-06 03:12:06,086 ComboBoxes was adjusted
2021-05-06 03:12:06,112 Output2 was generated
2021-05-06 03:12:06,229 ComboBoxes was adjusted
2021-05-06 03:12:06,253 Output2 was generated
2021-05-06 03:12:06,258 ComboBoxes was adjusted
2021-05-06 03:12:06,280 Output2 was generated
2021-05-06 03:12:06,285 ComboBoxes was adjusted
2021-05-06 03:12:06,309 Output2 was generated
2021-05-06 03:12:06,313 ComboBoxes was adjusted
2021-05-06 03:12:06,331 Output2 was generated
2021-05-06 03:12:06,335 ComboBoxes was adjusted
2021-05-06 03:12:06,353 Output2 was generated
2021-05-06 03:12:06,356 ComboBoxes was adjusted
2021-05-06 03:12:06,376 Output2 was generated
2021-05-06 03:12:06,380 ComboBoxes was adjusted
2021-05-06 03:12:06,398 Output2 was generated
2021-05-06 03:12:06,437 ComboBoxes was adjusted
2021-05-06 03:12:06,455 Output2 was generated
2021-05-06 03:12:06,459 ComboBoxes was adjusted
2021-05-06 03:12:06,476 Output2 was generated
2021-05-06 03:12:06,480 ComboBoxes was adjusted
2021-05-06 03:12:06,500 Output2 was generated
2021-05-06 03:12:06,503 ComboBoxes was adjusted
2021-05-06 03:12:06,523 Output2 was generated
2021-05-06 03:12:06,529 ComboBoxes was adjusted
2021-05-06 03:12:06,548 Output2 was generated
2021-05-06 03:12:06,552 ComboBoxes was adjusted
2021-05-06 03:12:06,570 Output2 was generated
2021-05-06 03:12:06,616 ComboBoxes was adjusted
2021-05-06 03:12:06,633 Output2 was generated
2021-05-06 03:12:06,637 ComboBoxes was adjusted
2021-05-06 03:12:06,655 Output2 was generated
2021-05-06 03:12:06,660 ComboBoxes was adjusted
2021-05-06 03:12:06,678 Output2 was generated
2021-05-06 03:12:06,683 ComboBoxes was adjusted
2021-05-06 03:12:06,704 Output2 was generated
2021-05-06 03:12:06,710 ComboBoxes was adjusted
2021-05-06 03:12:06,728 Output2 was generated
2021-05-06 03:12:06,732 ComboBoxes was adjusted
2021-05-06 03:12:06,751 Output2 was generated
2021-05-06 03:12:06,755 ComboBoxes was adjusted
2021-05-06 03:12:06,780 Output2 was generated
2021-05-06 03:12:06,828 ComboBoxes was adjusted
2021-05-06 03:12:06,854 Output2 was generated
2021-05-06 03:12:06,860 ComboBoxes was adjusted
2021-05-06 03:12:06,886 Output2 was generated
2021-05-06 03:12:06,893 ComboBoxes was adjusted
2021-05-06 03:12:06,918 Output2 was generated
2021-05-06 03:12:06,922 ComboBoxes was adjusted
2021-05-06 03:12:06,951 Output2 was generated
2021-05-06 03:12:06,956 ComboBoxes was adjusted
2021-05-06 03:12:06,987 Output2 was generated
2021-05-06 03:12:06,992 ComboBoxes was adjusted
2021-05-06 03:12:07,018 Output2 was generated
2021-05-06 03:12:07,022 ComboBoxes was adjusted
2021-05-06 03:12:07,047 Output2 was generated
2021-05-06 03:12:07,053 ComboBoxes was adjusted
2021-05-06 03:12:07,079 Output2 was generated
2021-05-06 03:12:07,085 ComboBoxes was adjusted
2021-05-06 03:12:07,108 Output2 was generated
2021-05-06 03:12:07,113 ComboBoxes was adjusted
2021-05-06 03:12:07,139 Output2 was generated
2021-05-06 03:12:07,145 ComboBoxes was adjusted
2021-05-06 03:12:07,169 Output2 was generated
2021-05-06 03:12:07,175 ComboBoxes was adjusted
2021-05-06 03:12:07,200 Output2 was generated
2021-05-06 03:12:07,205 ComboBoxes was adjusted
2021-05-06 03:12:07,230 Output2 was generated
2021-05-06 03:12:07,236 ComboBoxes was adjusted
2021-05-06 03:12:07,263 Output2 was generated
2021-05-06 03:12:07,269 ComboBoxes was adjusted
2021-05-06 03:12:07,293 Output2 was generated
2021-05-06 03:12:07,299 ComboBoxes was adjusted
2021-05-06 03:12:07,322 Output2 was generated
2021-05-06 03:12:07,328 ComboBoxes was adjusted
2021-05-06 03:12:07,351 Output2 was generated
2021-05-06 03:12:07,357 ComboBoxes was adjusted
2021-05-06 03:12:07,383 Output2 was generated
2021-05-06 03:12:07,388 ComboBoxes was adjusted
2021-05-06 03:12:07,412 Output2 was generated
2021-05-06 03:12:07,418 ComboBoxes was adjusted
2021-05-06 03:12:07,438 Output2 was generated
2021-05-06 03:12:07,445 ComboBoxes was adjusted
2021-05-06 03:12:07,463 Output2 was generated
2021-05-06 03:12:07,467 ComboBoxes was adjusted
2021-05-06 03:12:07,485 Output2 was generated
2021-05-06 03:12:07,489 ComboBoxes was adjusted
2021-05-06 03:12:07,508 Output2 was generated
2021-05-06 03:12:07,514 ComboBoxes was adjusted
2021-05-06 03:12:07,533 Output2 was generated
2021-05-06 03:12:07,537 ComboBoxes was adjusted
2021-05-06 03:12:07,555 Output2 was generated
2021-05-06 03:12:07,560 ComboBoxes was adjusted
2021-05-06 03:12:07,579 Output2 was generated
2021-05-06 03:12:07,583 ComboBoxes was adjusted
2021-05-06 03:12:07,601 Output2 was generated
2021-05-06 03:12:07,605 ComboBoxes was adjusted
2021-05-06 03:12:07,623 Output2 was generated
2021-05-06 03:12:07,629 ComboBoxes was adjusted
2021-05-06 03:12:07,648 Output2 was generated
2021-05-06 03:12:07,652 ComboBoxes was adjusted
2021-05-06 03:12:07,669 Output2 was generated
2021-05-06 03:12:07,675 ComboBoxes was adjusted
2021-05-06 03:12:07,696 Output2 was generated
2021-05-06 03:12:07,706 ComboBoxes was adjusted
2021-05-06 03:12:07,728 Output2 was generated
2021-05-06 03:12:07,734 ComboBoxes was adjusted
2021-05-06 03:12:07,752 Output2 was generated
2021-05-06 03:12:07,758 ComboBoxes was adjusted
2021-05-06 03:12:07,775 Output2 was generated
2021-05-06 03:12:07,780 ComboBoxes was adjusted
2021-05-06 03:12:07,800 Output2 was generated
2021-05-06 03:12:07,803 ComboBoxes was adjusted
2021-05-06 03:12:07,822 Output2 was generated
2021-05-06 03:12:07,850 ComboBoxes was adjusted
2021-05-06 03:12:07,871 Output2 was generated
2021-05-06 03:12:07,875 ComboBoxes was adjusted
2021-05-06 03:12:07,893 Output2 was generated
2021-05-06 03:12:07,896 ComboBoxes was adjusted
2021-05-06 03:12:07,917 Output2 was generated
2021-05-06 03:12:07,923 ComboBoxes was adjusted
2021-05-06 03:12:07,948 Output2 was generated
2021-05-06 03:12:07,954 ComboBoxes was adjusted
2021-05-06 03:12:07,981 Output2 was generated
2021-05-06 03:12:07,985 ComboBoxes was adjusted
2021-05-06 03:12:08,005 Output2 was generated
2021-05-06 03:12:08,011 ComboBoxes was adjusted
2021-05-06 03:12:08,030 Output2 was generated
2021-05-06 03:12:08,034 ComboBoxes was adjusted
2021-05-06 03:12:08,052 Output2 was generated
2021-05-06 03:12:08,118 ComboBoxes was adjusted
2021-05-06 03:12:08,149 Output2 was generated
2021-05-06 03:12:08,153 ComboBoxes was adjusted
2021-05-06 03:12:08,179 Output2 was generated
2021-05-06 03:12:08,187 ComboBoxes was adjusted
2021-05-06 03:12:08,217 Output2 was generated
2021-05-06 03:12:08,224 ComboBoxes was adjusted
2021-05-06 03:12:08,250 Output2 was generated
2021-05-06 03:12:08,255 ComboBoxes was adjusted
2021-05-06 03:12:08,282 Output2 was generated
2021-05-06 03:12:08,289 ComboBoxes was adjusted
2021-05-06 03:12:08,315 Output2 was generated
2021-05-06 03:12:08,321 ComboBoxes was adjusted
2021-05-06 03:12:08,346 Output2 was generated
2021-05-06 03:12:08,352 ComboBoxes was adjusted
2021-05-06 03:12:08,377 Output2 was generated
2021-05-06 03:12:08,540 ComboBoxes was adjusted
2021-05-06 03:12:08,556 Output2 was generated
2021-05-06 03:12:08,560 ComboBoxes was adjusted
2021-05-06 03:12:08,580 Output2 was generated
2021-05-06 03:12:08,584 ComboBoxes was adjusted
2021-05-06 03:12:08,601 Output2 was generated
2021-05-06 03:12:08,605 ComboBoxes was adjusted
2021-05-06 03:12:08,627 Output2 was generated
2021-05-06 03:12:08,634 ComboBoxes was adjusted
2021-05-06 03:12:08,651 Output2 was generated
2021-05-06 03:12:08,654 ComboBoxes was adjusted
2021-05-06 03:12:08,673 Output2 was generated
2021-05-06 03:12:08,678 ComboBoxes was adjusted
2021-05-06 03:12:08,695 Output2 was generated
2021-05-06 03:12:08,700 ComboBoxes was adjusted
2021-05-06 03:12:08,719 Output2 was generated
2021-05-06 03:12:08,723 ComboBoxes was adjusted
2021-05-06 03:12:08,746 Output2 was generated
2021-05-06 03:12:08,790 ComboBoxes was adjusted
2021-05-06 03:12:08,806 Output2 was generated
2021-05-06 03:12:08,810 ComboBoxes was adjusted
2021-05-06 03:12:08,830 Output2 was generated
2021-05-06 03:12:08,834 ComboBoxes was adjusted
2021-05-06 03:12:08,851 Output2 was generated
2021-05-06 03:12:08,856 ComboBoxes was adjusted
2021-05-06 03:12:08,879 Output2 was generated
2021-05-06 03:12:08,883 ComboBoxes was adjusted
2021-05-06 03:12:08,909 Output2 was generated
2021-05-06 03:12:08,915 ComboBoxes was adjusted
2021-05-06 03:12:08,941 Output2 was generated
2021-05-06 03:12:08,948 ComboBoxes was adjusted
2021-05-06 03:12:08,971 Output2 was generated
2021-05-06 03:12:08,979 ComboBoxes was adjusted
2021-05-06 03:12:09,002 Output2 was generated
2021-05-06 03:12:09,008 ComboBoxes was adjusted
2021-05-06 03:12:09,035 Output2 was generated
2021-05-06 03:12:09,041 ComboBoxes was adjusted
2021-05-06 03:12:09,066 Output2 was generated
2021-05-06 03:12:09,070 ComboBoxes was adjusted
2021-05-06 03:12:09,096 Output2 was generated
2021-05-06 03:12:09,351 ComboBoxes was adjusted
2021-05-06 03:12:09,366 Output2 was generated
2021-05-06 03:12:09,370 ComboBoxes was adjusted
2021-05-06 03:12:09,387 Output2 was generated
2021-05-06 03:12:09,394 ComboBoxes was adjusted
2021-05-06 03:12:09,411 Output2 was generated
2021-05-06 03:12:09,416 ComboBoxes was adjusted
2021-05-06 03:12:09,434 Output2 was generated
2021-05-06 03:12:09,438 ComboBoxes was adjusted
2021-05-06 03:12:09,459 Output2 was generated
2021-05-06 03:12:09,463 ComboBoxes was adjusted
2021-05-06 03:12:09,482 Output2 was generated
2021-05-06 03:12:09,486 ComboBoxes was adjusted
2021-05-06 03:12:09,505 Output2 was generated
2021-05-06 03:12:09,512 ComboBoxes was adjusted
2021-05-06 03:12:09,534 Output2 was generated
2021-05-06 03:12:09,918 ComboBoxes was adjusted
2021-05-06 03:12:09,942 Output2 was generated
2021-05-06 03:12:09,948 ComboBoxes was adjusted
2021-05-06 03:12:09,974 Output2 was generated
2021-05-06 03:12:09,982 ComboBoxes was adjusted
2021-05-06 03:12:10,009 Output2 was generated
2021-05-06 03:12:10,015 ComboBoxes was adjusted
2021-05-06 03:12:10,038 Output2 was generated
2021-05-06 03:12:10,258 ComboBoxes was adjusted
2021-05-06 03:12:10,275 Output2 was generated
2021-05-06 03:12:10,280 ComboBoxes was adjusted
2021-05-06 03:12:10,301 Output2 was generated
2021-05-06 03:12:10,304 ComboBoxes was adjusted
2021-05-06 03:12:10,322 Output2 was generated
2021-05-06 03:12:10,327 ComboBoxes was adjusted
2021-05-06 03:12:10,346 Output2 was generated
2021-05-06 03:12:10,351 ComboBoxes was adjusted
2021-05-06 03:12:10,368 Output2 was generated
2021-05-06 03:12:10,371 ComboBoxes was adjusted
2021-05-06 03:12:10,393 Output2 was generated
2021-05-06 03:12:10,398 ComboBoxes was adjusted
2021-05-06 03:12:10,417 Output2 was generated
2021-05-06 03:12:10,421 ComboBoxes was adjusted
2021-05-06 03:12:10,442 Output2 was generated
2021-05-06 03:12:10,447 ComboBoxes was adjusted
2021-05-06 03:12:10,466 Output2 was generated
2021-05-06 03:12:10,469 ComboBoxes was adjusted
2021-05-06 03:12:10,489 Output2 was generated
2021-05-06 03:12:10,722 ComboBoxes was adjusted
2021-05-06 03:12:10,740 Output2 was generated
2021-05-06 03:12:10,744 ComboBoxes was adjusted
2021-05-06 03:12:10,764 Output2 was generated
2021-05-06 03:12:10,769 ComboBoxes was adjusted
2021-05-06 03:12:10,786 Output2 was generated
2021-05-06 03:12:10,792 ComboBoxes was adjusted
2021-05-06 03:12:10,813 Output2 was generated
2021-05-06 03:12:10,819 ComboBoxes was adjusted
2021-05-06 03:12:10,836 Output2 was generated
2021-05-06 03:12:10,842 ComboBoxes was adjusted
2021-05-06 03:12:10,858 Output2 was generated
2021-05-06 03:12:10,864 ComboBoxes was adjusted
2021-05-06 03:12:10,887 Output2 was generated
2021-05-06 03:12:10,892 ComboBoxes was adjusted
2021-05-06 03:12:10,914 Output2 was generated
2021-05-06 03:12:10,919 ComboBoxes was adjusted
2021-05-06 03:12:10,944 Output2 was generated
2021-05-06 03:12:10,950 ComboBoxes was adjusted
2021-05-06 03:12:10,974 Output2 was generated
2021-05-06 03:12:10,980 ComboBoxes was adjusted
2021-05-06 03:12:11,008 Output2 was generated
2021-05-06 03:12:11,014 ComboBoxes was adjusted
2021-05-06 03:12:11,036 Output2 was generated
2021-05-06 03:12:11,043 ComboBoxes was adjusted
2021-05-06 03:12:11,069 Output2 was generated
2021-05-06 03:12:11,074 ComboBoxes was adjusted
2021-05-06 03:12:11,102 Output2 was generated
2021-05-06 03:12:11,121 ComboBoxes was adjusted
2021-05-06 03:12:11,149 Output2 was generated
2021-05-06 03:12:11,157 ComboBoxes was adjusted
2021-05-06 03:12:11,184 Output2 was generated
2021-05-06 03:12:11,190 ComboBoxes was adjusted
2021-05-06 03:12:11,216 Output2 was generated
2021-05-06 03:12:11,220 ComboBoxes was adjusted
2021-05-06 03:12:11,245 Output2 was generated
2021-05-06 03:12:11,250 ComboBoxes was adjusted
2021-05-06 03:12:11,276 Output2 was generated
2021-05-06 03:12:11,281 ComboBoxes was adjusted
2021-05-06 03:12:11,309 Output2 was generated
2021-05-06 03:12:11,314 ComboBoxes was adjusted
2021-05-06 03:12:11,338 Output2 was generated
2021-05-06 03:12:11,343 ComboBoxes was adjusted
2021-05-06 03:12:11,369 Output2 was generated
2021-05-06 03:12:11,374 ComboBoxes was adjusted
2021-05-06 03:12:11,399 Output2 was generated
2021-05-06 03:12:11,404 ComboBoxes was adjusted
2021-05-06 03:12:11,431 Output2 was generated
2021-05-06 03:12:11,436 ComboBoxes was adjusted
2021-05-06 03:12:11,464 Output2 was generated
2021-05-06 03:12:11,469 ComboBoxes was adjusted
2021-05-06 03:12:11,486 Output2 was generated
2021-05-06 03:12:11,501 ComboBoxes was adjusted
2021-05-06 03:12:11,521 Output2 was generated
2021-05-06 03:12:11,526 ComboBoxes was adjusted
2021-05-06 03:12:11,545 Output2 was generated
2021-05-06 03:12:11,549 ComboBoxes was adjusted
2021-05-06 03:12:11,568 Output2 was generated
2021-05-06 03:12:11,572 ComboBoxes was adjusted
2021-05-06 03:12:11,591 Output2 was generated
2021-05-06 03:12:11,594 ComboBoxes was adjusted
2021-05-06 03:12:11,615 Output2 was generated
2021-05-06 03:12:11,619 ComboBoxes was adjusted
2021-05-06 03:12:11,636 Output2 was generated
2021-05-06 03:12:11,641 ComboBoxes was adjusted
2021-05-06 03:12:11,662 Output2 was generated
2021-05-06 03:12:11,667 ComboBoxes was adjusted
2021-05-06 03:12:11,685 Output2 was generated
2021-05-06 03:12:11,688 ComboBoxes was adjusted
2021-05-06 03:12:11,711 Output2 was generated
2021-05-06 03:12:11,723 ComboBoxes was adjusted
2021-05-06 03:12:11,740 Output2 was generated
2021-05-06 03:12:11,746 ComboBoxes was adjusted
2021-05-06 03:12:11,764 Output2 was generated
2021-05-06 03:12:11,769 ComboBoxes was adjusted
2021-05-06 03:12:11,798 Output2 was generated
2021-05-06 03:12:11,804 ComboBoxes was adjusted
2021-05-06 03:12:11,831 Output2 was generated
2021-05-06 03:12:11,836 ComboBoxes was adjusted
2021-05-06 03:12:11,863 Output2 was generated
2021-05-06 03:12:11,878 ComboBoxes was adjusted
2021-05-06 03:12:11,901 Output2 was generated
2021-05-06 03:12:11,906 ComboBoxes was adjusted
2021-05-06 03:12:11,933 Output2 was generated
2021-05-06 03:12:11,939 ComboBoxes was adjusted
2021-05-06 03:12:11,967 Output2 was generated
2021-05-06 03:12:11,973 ComboBoxes was adjusted
2021-05-06 03:12:12,000 Output2 was generated
2021-05-06 03:12:12,135 ComboBoxes was adjusted
2021-05-06 03:12:12,160 Output2 was generated
2021-05-06 03:12:12,166 ComboBoxes was adjusted
2021-05-06 03:12:12,193 Output2 was generated
2021-05-06 03:12:12,199 ComboBoxes was adjusted
2021-05-06 03:12:12,228 Output2 was generated
2021-05-06 03:12:12,234 ComboBoxes was adjusted
2021-05-06 03:12:12,262 Output2 was generated
2021-05-06 03:12:12,266 ComboBoxes was adjusted
2021-05-06 03:12:12,285 Output2 was generated
2021-05-06 03:12:12,288 ComboBoxes was adjusted
2021-05-06 03:12:12,308 Output2 was generated
2021-05-06 03:12:12,474 ComboBoxes was adjusted
2021-05-06 03:12:12,491 Output2 was generated
2021-05-06 03:12:12,495 ComboBoxes was adjusted
2021-05-06 03:12:12,515 Output2 was generated
2021-05-06 03:12:12,519 ComboBoxes was adjusted
2021-05-06 03:12:12,536 Output2 was generated
2021-05-06 03:12:12,541 ComboBoxes was adjusted
2021-05-06 03:12:12,560 Output2 was generated
2021-05-06 03:12:12,564 ComboBoxes was adjusted
2021-05-06 03:12:12,584 Output2 was generated
2021-05-06 03:12:12,587 ComboBoxes was adjusted
2021-05-06 03:12:12,606 Output2 was generated
2021-05-06 03:12:12,612 ComboBoxes was adjusted
2021-05-06 03:12:12,633 Output2 was generated
2021-05-06 03:12:12,637 ComboBoxes was adjusted
2021-05-06 03:12:12,655 Output2 was generated
2021-05-06 03:12:12,660 ComboBoxes was adjusted
2021-05-06 03:12:12,682 Output2 was generated
2021-05-06 03:12:12,686 ComboBoxes was adjusted
2021-05-06 03:12:12,706 Output2 was generated
2021-05-06 03:12:12,712 ComboBoxes was adjusted
2021-05-06 03:12:12,730 Output2 was generated
2021-05-06 03:12:12,847 ComboBoxes was adjusted
2021-05-06 03:12:12,868 Output2 was generated
2021-05-06 03:12:12,872 ComboBoxes was adjusted
2021-05-06 03:12:12,891 Output2 was generated
2021-05-06 03:12:12,895 ComboBoxes was adjusted
2021-05-06 03:12:12,915 Output2 was generated
2021-05-06 03:12:12,919 ComboBoxes was adjusted
2021-05-06 03:12:12,937 Output2 was generated
2021-05-06 03:12:12,944 ComboBoxes was adjusted
2021-05-06 03:12:12,970 Output2 was generated
2021-05-06 03:12:12,976 ComboBoxes was adjusted
2021-05-06 03:12:12,995 Output2 was generated
2021-05-06 03:12:12,998 ComboBoxes was adjusted
2021-05-06 03:12:13,019 Output2 was generated
2021-05-06 03:12:13,023 ComboBoxes was adjusted
2021-05-06 03:12:13,044 Output2 was generated
2021-05-06 03:12:13,312 ComboBoxes was adjusted
2021-05-06 03:12:13,331 Output2 was generated
2021-05-06 03:12:13,339 ComboBoxes was adjusted
2021-05-06 03:12:13,355 Output2 was generated
2021-05-06 03:12:13,457 ComboBoxes was adjusted
2021-05-06 03:12:13,473 Output2 was generated
2021-05-06 03:12:13,477 ComboBoxes was adjusted
2021-05-06 03:12:13,495 Output2 was generated
2021-05-06 03:12:13,500 ComboBoxes was adjusted
2021-05-06 03:12:13,519 Output2 was generated
2021-05-06 03:12:13,519 ComboBoxes was adjusted
2021-05-06 03:12:13,537 Output2 was generated
2021-05-06 03:12:13,542 ComboBoxes was adjusted
2021-05-06 03:12:13,561 Output2 was generated
2021-05-06 03:12:13,565 ComboBoxes was adjusted
2021-05-06 03:12:13,587 Output2 was generated
2021-05-06 03:12:13,593 ComboBoxes was adjusted
2021-05-06 03:12:13,618 Output2 was generated
2021-05-06 03:12:13,623 ComboBoxes was adjusted
2021-05-06 03:12:13,652 Output2 was generated
2021-05-06 03:12:13,657 ComboBoxes was adjusted
2021-05-06 03:12:13,682 Output2 was generated
2021-05-06 03:12:13,787 ComboBoxes was adjusted
2021-05-06 03:12:13,804 Output2 was generated
2021-05-06 03:12:13,809 ComboBoxes was adjusted
2021-05-06 03:12:13,826 Output2 was generated
2021-05-06 03:12:13,843 ComboBoxes was adjusted
2021-05-06 03:12:13,860 Output2 was generated
2021-05-06 03:12:14,021 ComboBoxes was adjusted
2021-05-06 03:12:14,040 Output2 was generated
2021-05-06 03:12:14,044 ComboBoxes was adjusted
2021-05-06 03:12:14,067 Output2 was generated
2021-05-06 03:12:14,070 ComboBoxes was adjusted
2021-05-06 03:12:14,089 Output2 was generated
2021-05-06 03:12:14,094 ComboBoxes was adjusted
2021-05-06 03:12:14,113 Output2 was generated
2021-05-06 03:12:14,117 ComboBoxes was adjusted
2021-05-06 03:12:14,136 Output2 was generated
2021-05-06 03:12:14,139 ComboBoxes was adjusted
2021-05-06 03:12:14,162 Output2 was generated
2021-05-06 03:12:17,096 ComboBoxes was adjusted
2021-05-06 03:12:18,810 ComboBoxes was adjusted
2021-05-06 03:12:18,880 Output2 was generated
2021-05-06 03:12:19,571 ComboBoxes was adjusted
2021-05-06 03:12:19,589 Output2 was generated
2021-05-06 03:12:19,594 ComboBoxes was adjusted
2021-05-06 03:12:19,613 Output2 was generated
2021-05-06 03:12:19,619 ComboBoxes was adjusted
2021-05-06 03:12:19,639 Output2 was generated
2021-05-06 03:12:19,643 ComboBoxes was adjusted
2021-05-06 03:12:19,665 Output2 was generated
2021-05-06 03:12:19,669 ComboBoxes was adjusted
2021-05-06 03:12:19,687 Output2 was generated
2021-05-06 03:12:19,691 ComboBoxes was adjusted
2021-05-06 03:12:19,714 Output2 was generated
2021-05-06 03:12:19,719 ComboBoxes was adjusted
2021-05-06 03:12:19,738 Output2 was generated
2021-05-06 03:12:19,745 ComboBoxes was adjusted
2021-05-06 03:12:19,768 Output2 was generated
2021-05-06 03:12:19,773 ComboBoxes was adjusted
2021-05-06 03:12:19,802 Output2 was generated
2021-05-06 03:12:19,803 ComboBoxes was adjusted
2021-05-06 03:12:19,825 Output2 was generated
2021-05-06 03:12:19,830 ComboBoxes was adjusted
2021-05-06 03:12:19,864 Output2 was generated
2021-05-06 03:12:19,868 ComboBoxes was adjusted
2021-05-06 03:12:19,887 Output2 was generated
2021-05-06 03:12:19,891 ComboBoxes was adjusted
2021-05-06 03:12:19,917 Output2 was generated
2021-05-06 03:12:19,922 ComboBoxes was adjusted
2021-05-06 03:12:19,939 Output2 was generated
2021-05-06 03:12:19,946 ComboBoxes was adjusted
2021-05-06 03:12:19,967 Output2 was generated
2021-05-06 03:12:19,974 ComboBoxes was adjusted
2021-05-06 03:12:20,002 Output2 was generated
2021-05-06 03:12:20,008 ComboBoxes was adjusted
2021-05-06 03:12:20,035 Output2 was generated
2021-05-06 03:12:20,053 ComboBoxes was adjusted
2021-05-06 03:12:20,081 Output2 was generated
2021-05-06 03:12:20,089 ComboBoxes was adjusted
2021-05-06 03:12:20,116 Output2 was generated
2021-05-06 03:12:20,125 ComboBoxes was adjusted
2021-05-06 03:12:20,150 Output2 was generated
2021-05-06 03:12:20,156 ComboBoxes was adjusted
2021-05-06 03:12:20,183 Output2 was generated
2021-05-06 03:12:20,190 ComboBoxes was adjusted
2021-05-06 03:12:20,216 Output2 was generated
2021-05-06 03:12:20,221 ComboBoxes was adjusted
2021-05-06 03:12:20,250 Output2 was generated
2021-05-06 03:12:20,256 ComboBoxes was adjusted
2021-05-06 03:12:20,282 Output2 was generated
2021-05-06 03:12:20,287 ComboBoxes was adjusted
2021-05-06 03:12:20,315 Output2 was generated
2021-05-06 03:12:20,541 ComboBoxes was adjusted
2021-05-06 03:12:20,558 Output2 was generated
2021-05-06 03:12:20,563 ComboBoxes was adjusted
2021-05-06 03:12:20,583 Output2 was generated
2021-05-06 03:12:20,589 ComboBoxes was adjusted
2021-05-06 03:12:20,613 Output2 was generated
2021-05-06 03:12:20,619 ComboBoxes was adjusted
2021-05-06 03:12:20,639 Output2 was generated
2021-05-06 03:12:20,644 ComboBoxes was adjusted
2021-05-06 03:12:20,663 Output2 was generated
2021-05-06 03:12:20,668 ComboBoxes was adjusted
2021-05-06 03:12:20,686 Output2 was generated
2021-05-06 03:12:20,690 ComboBoxes was adjusted
2021-05-06 03:12:20,708 Output2 was generated
2021-05-06 03:12:20,712 ComboBoxes was adjusted
2021-05-06 03:12:20,731 Output2 was generated
2021-05-06 03:12:20,736 ComboBoxes was adjusted
2021-05-06 03:12:20,753 Output2 was generated
2021-05-06 03:12:20,757 ComboBoxes was adjusted
2021-05-06 03:12:20,778 Output2 was generated
2021-05-06 03:12:20,782 ComboBoxes was adjusted
2021-05-06 03:12:20,801 Output2 was generated
2021-05-06 03:12:20,805 ComboBoxes was adjusted
2021-05-06 03:12:20,824 Output2 was generated
2021-05-06 03:12:20,829 ComboBoxes was adjusted
2021-05-06 03:12:20,850 Output2 was generated
2021-05-06 03:12:20,854 ComboBoxes was adjusted
2021-05-06 03:12:20,870 Output2 was generated
2021-05-06 03:12:20,874 ComboBoxes was adjusted
2021-05-06 03:12:20,899 Output2 was generated
2021-05-06 03:12:20,905 ComboBoxes was adjusted
2021-05-06 03:12:20,930 Output2 was generated
2021-05-06 03:12:20,936 ComboBoxes was adjusted
2021-05-06 03:12:20,970 Output2 was generated
2021-05-06 03:12:20,973 ComboBoxes was adjusted
2021-05-06 03:12:20,990 Output2 was generated
2021-05-06 03:12:20,996 ComboBoxes was adjusted
2021-05-06 03:12:21,017 Output2 was generated
2021-05-06 03:12:21,024 ComboBoxes was adjusted
2021-05-06 03:12:21,049 Output2 was generated
2021-05-06 03:12:21,055 ComboBoxes was adjusted
2021-05-06 03:12:21,086 Output2 was generated
2021-05-06 03:12:21,091 ComboBoxes was adjusted
2021-05-06 03:12:21,120 Output2 was generated
2021-05-06 03:12:22,570 ComboBoxes was adjusted
2021-05-06 03:12:24,429 ComboBoxes was adjusted
2021-05-06 03:12:24,445 Output2 was generated
2021-05-06 03:12:25,221 ComboBoxes was adjusted
2021-05-06 03:12:25,237 Output2 was generated
2021-05-06 03:12:25,247 ComboBoxes was adjusted
2021-05-06 03:12:25,263 Output2 was generated
2021-05-06 03:12:25,270 ComboBoxes was adjusted
2021-05-06 03:12:25,288 Output2 was generated
2021-05-06 03:12:25,291 ComboBoxes was adjusted
2021-05-06 03:12:25,310 Output2 was generated
2021-05-06 03:12:25,315 ComboBoxes was adjusted
2021-05-06 03:12:25,335 Output2 was generated
2021-05-06 03:12:25,338 ComboBoxes was adjusted
2021-05-06 03:12:25,355 Output2 was generated
2021-05-06 03:12:25,361 ComboBoxes was adjusted
2021-05-06 03:12:25,379 Output2 was generated
2021-05-06 03:12:25,384 ComboBoxes was adjusted
2021-05-06 03:12:25,402 Output2 was generated
2021-05-06 03:12:25,405 ComboBoxes was adjusted
2021-05-06 03:12:25,424 Output2 was generated
2021-05-06 03:12:25,429 ComboBoxes was adjusted
2021-05-06 03:12:25,448 Output2 was generated
2021-05-06 03:12:25,452 ComboBoxes was adjusted
2021-05-06 03:12:25,469 Output2 was generated
2021-05-06 03:12:25,475 ComboBoxes was adjusted
2021-05-06 03:12:25,497 Output2 was generated
2021-05-06 03:12:25,501 ComboBoxes was adjusted
2021-05-06 03:12:25,519 Output2 was generated
2021-05-06 03:12:25,522 ComboBoxes was adjusted
2021-05-06 03:12:25,545 Output2 was generated
2021-05-06 03:12:25,550 ComboBoxes was adjusted
2021-05-06 03:12:25,572 Output2 was generated
2021-05-06 03:12:25,573 ComboBoxes was adjusted
2021-05-06 03:12:25,624 Output2 was generated
2021-05-06 03:12:25,629 ComboBoxes was adjusted
2021-05-06 03:12:25,652 Output2 was generated
2021-05-06 03:12:25,658 ComboBoxes was adjusted
2021-05-06 03:12:25,684 Output2 was generated
2021-05-06 03:12:25,689 ComboBoxes was adjusted
2021-05-06 03:12:25,719 Output2 was generated
2021-05-06 03:12:25,751 ComboBoxes was adjusted
2021-05-06 03:12:25,774 Output2 was generated
2021-05-06 03:12:25,894 ComboBoxes was adjusted
2021-05-06 03:12:25,914 Output2 was generated
2021-05-06 03:12:25,921 ComboBoxes was adjusted
2021-05-06 03:12:25,940 Output2 was generated
2021-05-06 03:12:25,972 ComboBoxes was adjusted
2021-05-06 03:12:25,996 Output2 was generated
2021-05-06 03:12:26,338 ComboBoxes was adjusted
2021-05-06 03:12:26,353 Output2 was generated
2021-05-06 03:12:26,369 ComboBoxes was adjusted
2021-05-06 03:12:26,385 Output2 was generated
2021-05-06 03:12:26,396 ComboBoxes was adjusted
2021-05-06 03:12:26,413 Output2 was generated
2021-05-06 03:12:26,417 ComboBoxes was adjusted
2021-05-06 03:12:26,434 Output2 was generated
2021-05-06 03:12:26,437 ComboBoxes was adjusted
2021-05-06 03:12:26,454 Output2 was generated
2021-05-06 03:12:26,458 ComboBoxes was adjusted
2021-05-06 03:12:26,475 Output2 was generated
2021-05-06 03:12:26,480 ComboBoxes was adjusted
2021-05-06 03:12:26,503 Output2 was generated
2021-05-06 03:12:26,503 ComboBoxes was adjusted
2021-05-06 03:12:26,522 Output2 was generated
2021-05-06 03:12:26,525 ComboBoxes was adjusted
2021-05-06 03:12:26,549 Output2 was generated
2021-05-06 03:12:26,554 ComboBoxes was adjusted
2021-05-06 03:12:26,578 Output2 was generated
2021-05-06 03:12:26,583 ComboBoxes was adjusted
2021-05-06 03:12:26,607 Output2 was generated
2021-05-06 03:12:26,613 ComboBoxes was adjusted
2021-05-06 03:12:26,635 Output2 was generated
2021-05-06 03:12:26,640 ComboBoxes was adjusted
2021-05-06 03:12:26,665 Output2 was generated
2021-05-06 03:12:26,671 ComboBoxes was adjusted
2021-05-06 03:12:26,688 Output2 was generated
2021-05-06 03:12:26,692 ComboBoxes was adjusted
2021-05-06 03:12:26,709 Output2 was generated
2021-05-06 03:12:26,714 ComboBoxes was adjusted
2021-05-06 03:12:26,734 Output2 was generated
2021-05-06 03:12:26,739 ComboBoxes was adjusted
2021-05-06 03:12:26,757 Output2 was generated
2021-05-06 03:12:26,762 ComboBoxes was adjusted
2021-05-06 03:12:26,779 Output2 was generated
2021-05-06 03:12:27,565 ComboBoxes was adjusted
2021-05-06 03:12:27,581 Output2 was generated
2021-05-06 03:12:27,584 ComboBoxes was adjusted
2021-05-06 03:12:27,603 Output2 was generated
2021-05-06 03:12:27,607 ComboBoxes was adjusted
2021-05-06 03:12:27,625 Output2 was generated
2021-05-06 03:12:27,626 ComboBoxes was adjusted
2021-05-06 03:12:27,644 Output2 was generated
2021-05-06 03:12:27,648 ComboBoxes was adjusted
2021-05-06 03:12:27,666 Output2 was generated
2021-05-06 03:12:27,669 ComboBoxes was adjusted
2021-05-06 03:12:27,687 Output2 was generated
2021-05-06 03:12:27,690 ComboBoxes was adjusted
2021-05-06 03:12:27,714 Output2 was generated
2021-05-06 03:12:27,718 ComboBoxes was adjusted
2021-05-06 03:12:27,737 Output2 was generated
2021-05-06 03:12:27,740 ComboBoxes was adjusted
2021-05-06 03:12:27,757 Output2 was generated
2021-05-06 03:12:27,764 ComboBoxes was adjusted
2021-05-06 03:12:27,781 Output2 was generated
2021-05-06 03:12:27,784 ComboBoxes was adjusted
2021-05-06 03:12:27,803 Output2 was generated
2021-05-06 03:12:28,171 ComboBoxes was adjusted
2021-05-06 03:12:28,186 Output2 was generated
2021-05-06 03:12:28,190 ComboBoxes was adjusted
2021-05-06 03:12:28,207 Output2 was generated
2021-05-06 03:12:28,214 ComboBoxes was adjusted
2021-05-06 03:12:28,232 Output2 was generated
2021-05-06 03:12:28,234 ComboBoxes was adjusted
2021-05-06 03:12:28,254 Output2 was generated
2021-05-06 03:12:28,257 ComboBoxes was adjusted
2021-05-06 03:12:28,275 Output2 was generated
2021-05-06 03:12:28,281 ComboBoxes was adjusted
2021-05-06 03:12:28,298 Output2 was generated
2021-05-06 03:12:28,303 ComboBoxes was adjusted
2021-05-06 03:12:28,320 Output2 was generated
2021-05-06 03:12:28,323 ComboBoxes was adjusted
2021-05-06 03:12:28,343 Output2 was generated
2021-05-06 03:12:28,347 ComboBoxes was adjusted
2021-05-06 03:12:28,366 Output2 was generated
2021-05-06 03:12:28,370 ComboBoxes was adjusted
2021-05-06 03:12:28,387 Output2 was generated
2021-05-06 03:12:30,218 ComboBoxes was adjusted
2021-05-06 03:12:30,236 Output2 was generated
2021-05-06 03:12:30,241 ComboBoxes was adjusted
2021-05-06 03:12:30,257 Output2 was generated
2021-05-06 03:12:30,262 ComboBoxes was adjusted
2021-05-06 03:12:30,281 Output2 was generated
2021-05-06 03:12:30,287 ComboBoxes was adjusted
2021-05-06 03:12:30,309 Output2 was generated
2021-05-06 03:12:30,315 ComboBoxes was adjusted
2021-05-06 03:12:30,339 Output2 was generated
2021-05-06 03:12:30,345 ComboBoxes was adjusted
2021-05-06 03:12:30,369 Output2 was generated
2021-05-06 03:12:30,374 ComboBoxes was adjusted
2021-05-06 03:12:30,398 Output2 was generated
2021-05-06 03:12:30,404 ComboBoxes was adjusted
2021-05-06 03:12:30,422 Output2 was generated
2021-05-06 03:12:30,425 ComboBoxes was adjusted
2021-05-06 03:12:30,447 Output2 was generated
2021-05-06 03:12:30,452 ComboBoxes was adjusted
2021-05-06 03:12:30,469 Output2 was generated
2021-05-06 03:12:30,687 ComboBoxes was adjusted
2021-05-06 03:12:30,702 Output2 was generated
2021-05-06 03:12:30,706 ComboBoxes was adjusted
2021-05-06 03:12:30,723 Output2 was generated
2021-05-06 03:12:30,729 ComboBoxes was adjusted
2021-05-06 03:12:30,747 Output2 was generated
2021-05-06 03:12:30,751 ComboBoxes was adjusted
2021-05-06 03:12:30,770 Output2 was generated
2021-05-06 03:12:30,774 ComboBoxes was adjusted
2021-05-06 03:12:30,791 Output2 was generated
2021-05-06 03:12:30,797 ComboBoxes was adjusted
2021-05-06 03:12:30,815 Output2 was generated
2021-05-06 03:12:30,818 ComboBoxes was adjusted
2021-05-06 03:12:30,836 Output2 was generated
2021-05-06 03:12:58,727 ComboBoxes was adjusted
2021-05-06 03:12:58,747 Output2 was generated
2021-05-06 03:12:59,853 ComboBoxes was adjusted
2021-05-06 03:12:59,871 Output2 was generated
2021-05-06 03:12:59,875 ComboBoxes was adjusted
2021-05-06 03:12:59,895 Output2 was generated
2021-05-06 03:12:59,902 ComboBoxes was adjusted
2021-05-06 03:12:59,926 Output2 was generated
2021-05-06 03:12:59,932 ComboBoxes was adjusted
2021-05-06 03:12:59,959 Output2 was generated
2021-05-06 03:12:59,966 ComboBoxes was adjusted
2021-05-06 03:12:59,988 Output2 was generated
2021-05-06 03:12:59,994 ComboBoxes was adjusted
2021-05-06 03:13:00,024 Output2 was generated
2021-05-06 03:13:00,029 ComboBoxes was adjusted
2021-05-06 03:13:00,056 Output2 was generated
2021-05-06 03:13:02,174 ComboBoxes was adjusted
2021-05-06 03:13:02,189 Output2 was generated
2021-05-06 03:13:03,691 ComboBoxes was adjusted
2021-05-06 03:13:03,707 Output2 was generated
